<?xml version="1.0" encoding="UTF-8"?>
<robot generator="Robot 7.0 (Python 3.11.2 on win32)" generated="2024-02-20T19:14:21.276392" rpa="false" schemaversion="5">
<suite id="s1" name="Scenarios" source="C:\Users\Pichau\Documents\robot_teste\scenarios\scenarios.robot">
<test id="s1-t1" name="Check buy a product in store" line="6">
<kw name="Open Browser" owner="SeleniumLibrary">
<msg time="2024-02-20T19:14:21.412504" level="INFO">Opening browser 'headlesschrome' to base url 'https://www.magazineluiza.com.br/'.</msg>
<arg>${BASEURL}</arg>
<arg>headlesschrome</arg>
<doc>Opens a new browser instance to the optional ``url``.</doc>
<status status="PASS" start="2024-02-20T19:14:21.412504" elapsed="4.188150"/>
</kw>
<kw name="Maximize Browser Window" owner="SeleniumLibrary">
<doc>Maximizes current browser window.</doc>
<status status="PASS" start="2024-02-20T19:14:25.600654" elapsed="0.115583"/>
</kw>
<kw name="Input Text" owner="SeleniumLibrary">
<msg time="2024-02-20T19:14:25.716237" level="INFO">Typing text 'air fryer' into text field 'id=input-search'.</msg>
<arg>${SEARCH_FIELD}</arg>
<arg>air fryer</arg>
<doc>Types the given ``text`` into the text field identified by ``locator``.</doc>
<status status="PASS" start="2024-02-20T19:14:25.716237" elapsed="0.613894"/>
</kw>
<kw name="Click Element" owner="SeleniumLibrary">
<msg time="2024-02-20T19:14:26.330131" level="INFO">Clicking element 'xpath://*[name()='svg' and @data-testid='search-submit']'.</msg>
<arg>${SEARCH_BUTTON}</arg>
<doc>Click the element identified by ``locator``.</doc>
<status status="PASS" start="2024-02-20T19:14:26.330131" elapsed="0.152485"/>
</kw>
<kw name="Wait Until Element Is Visible" owner="SeleniumLibrary">
<arg>${PRODUCT_TITLE}</arg>
<doc>Waits until the element ``locator`` is visible.</doc>
<status status="PASS" start="2024-02-20T19:14:26.482616" elapsed="3.076263"/>
</kw>
<kw name="Click Element" owner="SeleniumLibrary">
<msg time="2024-02-20T19:14:29.558879" level="INFO">Clicking element 'xpath://h2[@data-testid='product-title' and text()='Fritadeira Elétrica sem Óleo/Air Fryer Nell Smart']'.</msg>
<arg>${AIR_FRYER_TITLE}</arg>
<doc>Click the element identified by ``locator``.</doc>
<status status="PASS" start="2024-02-20T19:14:29.558879" elapsed="0.159378"/>
</kw>
<kw name="Wait Until Element Is Visible" owner="SeleniumLibrary">
<arg>${VOLTAGE_SELECTOR}</arg>
<doc>Waits until the element ``locator`` is visible.</doc>
<status status="PASS" start="2024-02-20T19:14:29.718257" elapsed="1.151299"/>
</kw>
<kw name="Click Element" owner="SeleniumLibrary">
<msg time="2024-02-20T19:14:30.869556" level="INFO">Clicking element 'xpath://label[@data-testid='attribute-item' and text()='110V']'.</msg>
<arg>${VOLTAGE_SELECTOR}</arg>
<doc>Click the element identified by ``locator``.</doc>
<status status="PASS" start="2024-02-20T19:14:30.869556" elapsed="0.073845"/>
</kw>
<kw name="Click Element" owner="SeleniumLibrary">
<msg time="2024-02-20T19:14:30.944404" level="INFO">Clicking element 'xpath://button[@data-testid='bagButton']'.</msg>
<arg>${BAG_BUTTON}</arg>
<doc>Click the element identified by ``locator``.</doc>
<status status="PASS" start="2024-02-20T19:14:30.944404" elapsed="0.100457"/>
</kw>
<kw name="Wait Until Element Is Visible" owner="SeleniumLibrary">
<arg>${BAG_RESUME}</arg>
<doc>Waits until the element ``locator`` is visible.</doc>
<status status="PASS" start="2024-02-20T19:14:31.045867" elapsed="1.271269"/>
</kw>
<kw name="Close All Browsers" owner="SeleniumLibrary">
<doc>Closes all open browsers and resets the browser cache.</doc>
<status status="PASS" start="2024-02-20T19:14:32.317136" elapsed="6.132206"/>
</kw>
<status status="PASS" start="2024-02-20T19:14:21.411505" elapsed="17.038852"/>
</test>
<status status="PASS" start="2024-02-20T19:14:21.278392" elapsed="17.172965"/>
</suite>
<statistics>
<total>
<stat pass="1" fail="0" skip="0">All Tests</stat>
</total>
<tag>
</tag>
<suite>
<stat pass="1" fail="0" skip="0" id="s1" name="Scenarios">Scenarios</stat>
</suite>
</statistics>
<errors>
</errors>
</robot>
